# JRE version: Java(TM) SE Runtime Environment (8.0_171-b11) (build 1.8.0_171-b11)
# Java VM: Java HotSpot(TM) Client VM (25.171-b11 mixed mode windows-x86 )
Heap:
 def new generation   total 4928K, used 1811K [0x06c00000, 0x07150000, 0x0c150000)
  eden space 4416K,  33% used [0x06c00000, 0x06d72198, 0x07050000)
  from space 512K,  64% used [0x07050000, 0x070a2db0, 0x070d0000)
  to   space 512K,   0% used [0x070d0000, 0x070d0000, 0x07150000)
 tenured generation   total 10944K, used 4340K [0x0c150000, 0x0cc00000, 0x16c00000)
   the space 10944K,  39% used [0x0c150000, 0x0c58d078, 0x0c58d200, 0x0cc00000)
 Metaspace       used 9317K, capacity 9491K, committed 9600K, reserved 9600K
GC Heap History (10 events):
Event: 2.402 GC heap before
{Heap before GC invocations=5 (full 0):
 def new generation   total 4928K, used 4431K [0x06c00000, 0x07150000, 0x0c150000)
  eden space 4416K, 100% used [0x06c00000, 0x07050000, 0x07050000)
  from space 512K,   3% used [0x070d0000, 0x070d3d98, 0x07150000)
  to   space 512K,   0% used [0x07050000, 0x07050000, 0x070d0000)
 tenured generation   total 10944K, used 3158K [0x0c150000, 0x0cc00000, 0x16c00000)
   the space 10944K,  28% used [0x0c150000, 0x0c465968, 0x0c465a00, 0x0cc00000)
 Metaspace       used 8208K, capacity 8398K, committed 8576K, reserved 8576K
Event: 2.405 GC heap after
Heap after GC invocations=6 (full 0):
 def new generation   total 4928K, used 512K [0x06c00000, 0x07150000, 0x0c150000)
  eden space 4416K,   0% used [0x06c00000, 0x06c00000, 0x07050000)
  from space 512K, 100% used [0x07050000, 0x070d0000, 0x070d0000)
  to   space 512K,   0% used [0x070d0000, 0x070d0000, 0x07150000)
 tenured generation   total 10944K, used 3828K [0x0c150000, 0x0cc00000, 0x16c00000)
   the space 10944K,  34% used [0x0c150000, 0x0c50d178, 0x0c50d200, 0x0cc00000)
 Metaspace       used 8208K, capacity 8398K, committed 8576K, reserved 8576K
}
Event: 2.421 GC heap before
{Heap before GC invocations=6 (full 0):
 def new generation   total 4928K, used 4928K [0x06c00000, 0x07150000, 0x0c150000)
  eden space 4416K, 100% used [0x06c00000, 0x07050000, 0x07050000)
  from space 512K, 100% used [0x07050000, 0x070d0000, 0x070d0000)
  to   space 512K,   0% used [0x070d0000, 0x070d0000, 0x07150000)
 tenured generation   total 10944K, used 3828K [0x0c150000, 0x0cc00000, 0x16c00000)
   the space 10944K,  34% used [0x0c150000, 0x0c50d178, 0x0c50d200, 0x0cc00000)
 Metaspace       used 8208K, capacity 8398K, committed 8576K, reserved 8576K
Event: 2.422 GC heap after
Heap after GC invocations=7 (full 0):
 def new generation   total 4928K, used 0K [0x06c00000, 0x07150000, 0x0c150000)
  eden space 4416K,   0% used [0x06c00000, 0x06c00000, 0x07050000)
  from space 512K,   0% used [0x070d0000, 0x070d0078, 0x07150000)
  to   space 512K,   0% used [0x07050000, 0x07050000, 0x070d0000)
 tenured generation   total 10944K, used 4340K [0x0c150000, 0x0cc00000, 0x16c00000)
   the space 10944K,  39% used [0x0c150000, 0x0c58d078, 0x0c58d200, 0x0cc00000)
 Metaspace       used 8208K, capacity 8398K, committed 8576K, reserved 8576K
}
Event: 2.448 GC heap before
{Heap before GC invocations=7 (full 0):
 def new generation   total 4928K, used 4416K [0x06c00000, 0x07150000, 0x0c150000)
  eden space 4416K, 100% used [0x06c00000, 0x07050000, 0x07050000)
  from space 512K,   0% used [0x070d0000, 0x070d0078, 0x07150000)
  to   space 512K,   0% used [0x07050000, 0x07050000, 0x070d0000)
 tenured generation   total 10944K, used 4340K [0x0c150000, 0x0cc00000, 0x16c00000)
   the space 10944K,  39% used [0x0c150000, 0x0c58d078, 0x0c58d200, 0x0cc00000)
 Metaspace       used 8211K, capacity 8398K, committed 8576K, reserved 8576K
Event: 2.448 GC heap after
Heap after GC invocations=8 (full 0):
 def new generation   total 4928K, used 186K [0x06c00000, 0x07150000, 0x0c150000)
  eden space 4416K,   0% used [0x06c00000, 0x06c00000, 0x07050000)
  from space 512K,  36% used [0x07050000, 0x0707ea38, 0x070d0000)
  to   space 512K,   0% used [0x070d0000, 0x070d0000, 0x07150000)
 tenured generation   total 10944K, used 4340K [0x0c150000, 0x0cc00000, 0x16c00000)
   the space 10944K,  39% used [0x0c150000, 0x0c58d078, 0x0c58d200, 0x0cc00000)
 Metaspace       used 8211K, capacity 8398K, committed 8576K, reserved 8576K
}
Event: 2.464 GC heap before
{Heap before GC invocations=8 (full 0):
 def new generation   total 4928K, used 4602K [0x06c00000, 0x07150000, 0x0c150000)
  eden space 4416K, 100% used [0x06c00000, 0x07050000, 0x07050000)
  from space 512K,  36% used [0x07050000, 0x0707ea38, 0x070d0000)
  to   space 512K,   0% used [0x070d0000, 0x070d0000, 0x07150000)
 tenured generation   total 10944K, used 4340K [0x0c150000, 0x0cc00000, 0x16c00000)
   the space 10944K,  39% used [0x0c150000, 0x0c58d078, 0x0c58d200, 0x0cc00000)
 Metaspace       used 8211K, capacity 8398K, committed 8576K, reserved 8576K
Event: 2.465 GC heap after
Heap after GC invocations=9 (full 0):
 def new generation   total 4928K, used 184K [0x06c00000, 0x07150000, 0x0c150000)
  eden space 4416K,   0% used [0x06c00000, 0x06c00000, 0x07050000)
  from space 512K,  35% used [0x070d0000, 0x070fe028, 0x07150000)
  to   space 512K,   0% used [0x07050000, 0x07050000, 0x070d0000)
 tenured generation   total 10944K, used 4340K [0x0c150000, 0x0cc00000, 0x16c00000)
   the space 10944K,  39% used [0x0c150000, 0x0c58d078, 0x0c58d200, 0x0cc00000)
 Metaspace       used 8211K, capacity 8398K, committed 8576K, reserved 8576K
}
Event: 2.542 GC heap before
{Heap before GC invocations=9 (full 0):
 def new generation   total 4928K, used 4600K [0x06c00000, 0x07150000, 0x0c150000)
  eden space 4416K, 100% used [0x06c00000, 0x07050000, 0x07050000)
  from space 512K,  35% used [0x070d0000, 0x070fe028, 0x07150000)
  to   space 512K,   0% used [0x07050000, 0x07050000, 0x070d0000)
 tenured generation   total 10944K, used 4340K [0x0c150000, 0x0cc00000, 0x16c00000)
   the space 10944K,  39% used [0x0c150000, 0x0c58d078, 0x0c58d200, 0x0cc00000)
 Metaspace       used 8901K, capacity 9075K, committed 9216K, reserved 9600K
Event: 2.544 GC heap after
Heap after GC invocations=10 (full 0):
 def new generation   total 4928K, used 331K [0x06c00000, 0x07150000, 0x0c150000)
  eden space 4416K,   0% used [0x06c00000, 0x06c00000, 0x07050000)
  from space 512K,  64% used [0x07050000, 0x070a2db0, 0x070d0000)
  to   space 512K,   0% used [0x070d0000, 0x070d0000, 0x07150000)
 tenured generation   total 10944K, used 4340K [0x0c150000, 0x0cc00000, 0x16c00000)
   the space 10944K,  39% used [0x0c150000, 0x0c58d078, 0x0c58d200, 0x0cc00000)
 Metaspace       used 8901K, capacity 9075K, committed 9216K, reserved 9600K
}

